<?xml version="1.0" encoding="UTF-8"?>
<!-- Generated by org.testng.reporters.JUnitReportReporter -->
<testsuite hostname="DAWIT-QA" failures="0" tests="1" name="TestHelloWorld" time="0.011" errors="0" timestamp="29 Nov 2019 03:53:37 GMT" skipped="0">
  <testcase classname="TestHelloWorld" name="TestHelloWorld" time="0.011"/>
</testsuite> <!-- TestHelloWorld -->
