<?xml version="1.0" encoding="UTF-8"?>
<!-- Generated by org.testng.reporters.JUnitReportReporter -->
<testsuite hostname="DAWIT-QA" failures="0" tests="1" name="TestHelloWorld" time="0.013" errors="0" timestamp="29 Nov 2019 03:25:50 GMT" skipped="0">
  <testcase classname="TestHelloWorld" name="TestHelloWorld" time="0.013"/>
</testsuite> <!-- TestHelloWorld -->
